<?xml version="1.0" encoding="UTF-8"?>
<!-- Generated by org.testng.reporters.JUnitXMLReporter -->
<testsuite hostname="Saumyadip" name="FreeCrmPOMFramework" tests="4" failures="0" timestamp="26 Apr 2018 03:40:22 GMT" time="74.486" errors="0">
  <testcase name="crmLogoDisplay" time="0.224" classname="com.crm.tests.LoginPageTest"/>
  <testcase name="crmLoginPageTitleValidation" time="0.03" classname="com.crm.tests.LoginPageTest"/>
  <testcase name="LogintoCrmApplication" time="10.732" classname="com.crm.tests.LoginPageTest"/>
  <testcase name="validateContactsLabelTest" time="1.34" classname="com.crm.tests.ContactsPageTest"/>
</testsuite> <!-- FreeCrmPOMFramework -->
